Determining if the pthread_create exist failed with the following output:
Change Dir: /home/robotica/catkin_ws/build/CMakeFiles/CMakeTmp

Run Build Command:"/usr/bin/make" "cmTC_7405e/fast"
/usr/bin/make -f CMakeFiles/cmTC_7405e.dir/build.make CMakeFiles/cmTC_7405e.dir/build
make[1]: Entering directory '/home/robotica/catkin_ws/build/CMakeFiles/CMakeTmp'
Building C object CMakeFiles/cmTC_7405e.dir/CheckSymbolExists.c.o
/usr/bin/cc    -o CMakeFiles/cmTC_7405e.dir/CheckSymbolExists.c.o   -c /home/robotica/catkin_ws/build/CMakeFiles/CMakeTmp/CheckSymbolExists.c
Linking C executable cmTC_7405e
/usr/bin/cmake -E cmake_link_script CMakeFiles/cmTC_7405e.dir/link.txt --verbose=1
/usr/bin/cc      -rdynamic CMakeFiles/cmTC_7405e.dir/CheckSymbolExists.c.o  -o cmTC_7405e 
CMakeFiles/cmTC_7405e.dir/CheckSymbolExists.c.o: In function `main':
CheckSymbolExists.c:(.text+0x1b): undefined reference to `pthread_create'
collect2: error: ld returned 1 exit status
CMakeFiles/cmTC_7405e.dir/build.make:97: recipe for target 'cmTC_7405e' failed
make[1]: *** [cmTC_7405e] Error 1
make[1]: Leaving directory '/home/robotica/catkin_ws/build/CMakeFiles/CMakeTmp'
Makefile:126: recipe for target 'cmTC_7405e/fast' failed
make: *** [cmTC_7405e/fast] Error 2

File /home/robotica/catkin_ws/build/CMakeFiles/CMakeTmp/CheckSymbolExists.c:
/* */
#include <pthread.h>

int main(int argc, char** argv)
{
  (void)argv;
#ifndef pthread_create
  return ((int*)(&pthread_create))[argc];
#else
  (void)argc;
  return 0;
#endif
}

Determining if the function pthread_create exists in the pthreads failed with the following output:
Change Dir: /home/robotica/catkin_ws/build/CMakeFiles/CMakeTmp

Run Build Command:"/usr/bin/make" "cmTC_bbacf/fast"
/usr/bin/make -f CMakeFiles/cmTC_bbacf.dir/build.make CMakeFiles/cmTC_bbacf.dir/build
make[1]: Entering directory '/home/robotica/catkin_ws/build/CMakeFiles/CMakeTmp'
Building C object CMakeFiles/cmTC_bbacf.dir/CheckFunctionExists.c.o
/usr/bin/cc   -DCHECK_FUNCTION_EXISTS=pthread_create   -o CMakeFiles/cmTC_bbacf.dir/CheckFunctionExists.c.o   -c /usr/share/cmake-3.10/Modules/CheckFunctionExists.c
Linking C executable cmTC_bbacf
/usr/bin/cmake -E cmake_link_script CMakeFiles/cmTC_bbacf.dir/link.txt --verbose=1
/usr/bin/cc  -DCHECK_FUNCTION_EXISTS=pthread_create    -rdynamic CMakeFiles/cmTC_bbacf.dir/CheckFunctionExists.c.o  -o cmTC_bbacf -lpthreads 
/usr/bin/ld: cannot find -lpthreads
collect2: error: ld returned 1 exit status
CMakeFiles/cmTC_bbacf.dir/build.make:97: recipe for target 'cmTC_bbacf' failed
make[1]: *** [cmTC_bbacf] Error 1
make[1]: Leaving directory '/home/robotica/catkin_ws/build/CMakeFiles/CMakeTmp'
Makefile:126: recipe for target 'cmTC_bbacf/fast' failed
make: *** [cmTC_bbacf/fast] Error 2


