Determining if the pthread_create exist failed with the following output:
Change Dir: /home/robotica/Desktop/PrincipiosMecatronica/PM_01/proyecto/ws/build/CMakeFiles/CMakeTmp

Run Build Command:"/usr/bin/make" "cmTC_2dbe1/fast"
/usr/bin/make -f CMakeFiles/cmTC_2dbe1.dir/build.make CMakeFiles/cmTC_2dbe1.dir/build
make[1]: Entering directory '/home/robotica/Desktop/PrincipiosMecatronica/PM_01/proyecto/ws/build/CMakeFiles/CMakeTmp'
Building C object CMakeFiles/cmTC_2dbe1.dir/CheckSymbolExists.c.o
/usr/bin/cc    -o CMakeFiles/cmTC_2dbe1.dir/CheckSymbolExists.c.o   -c /home/robotica/Desktop/PrincipiosMecatronica/PM_01/proyecto/ws/build/CMakeFiles/CMakeTmp/CheckSymbolExists.c
Linking C executable cmTC_2dbe1
/usr/bin/cmake -E cmake_link_script CMakeFiles/cmTC_2dbe1.dir/link.txt --verbose=1
/usr/bin/cc      -rdynamic CMakeFiles/cmTC_2dbe1.dir/CheckSymbolExists.c.o  -o cmTC_2dbe1 
CMakeFiles/cmTC_2dbe1.dir/CheckSymbolExists.c.o: In function `main':
CheckSymbolExists.c:(.text+0x1b): undefined reference to `pthread_create'
collect2: error: ld returned 1 exit status
CMakeFiles/cmTC_2dbe1.dir/build.make:97: recipe for target 'cmTC_2dbe1' failed
make[1]: *** [cmTC_2dbe1] Error 1
make[1]: Leaving directory '/home/robotica/Desktop/PrincipiosMecatronica/PM_01/proyecto/ws/build/CMakeFiles/CMakeTmp'
Makefile:126: recipe for target 'cmTC_2dbe1/fast' failed
make: *** [cmTC_2dbe1/fast] Error 2

File /home/robotica/Desktop/PrincipiosMecatronica/PM_01/proyecto/ws/build/CMakeFiles/CMakeTmp/CheckSymbolExists.c:
/* */
#include <pthread.h>

int main(int argc, char** argv)
{
  (void)argv;
#ifndef pthread_create
  return ((int*)(&pthread_create))[argc];
#else
  (void)argc;
  return 0;
#endif
}

Determining if the function pthread_create exists in the pthreads failed with the following output:
Change Dir: /home/robotica/Desktop/PrincipiosMecatronica/PM_01/proyecto/ws/build/CMakeFiles/CMakeTmp

Run Build Command:"/usr/bin/make" "cmTC_a97ce/fast"
/usr/bin/make -f CMakeFiles/cmTC_a97ce.dir/build.make CMakeFiles/cmTC_a97ce.dir/build
make[1]: Entering directory '/home/robotica/Desktop/PrincipiosMecatronica/PM_01/proyecto/ws/build/CMakeFiles/CMakeTmp'
Building C object CMakeFiles/cmTC_a97ce.dir/CheckFunctionExists.c.o
/usr/bin/cc   -DCHECK_FUNCTION_EXISTS=pthread_create   -o CMakeFiles/cmTC_a97ce.dir/CheckFunctionExists.c.o   -c /usr/share/cmake-3.10/Modules/CheckFunctionExists.c
Linking C executable cmTC_a97ce
/usr/bin/cmake -E cmake_link_script CMakeFiles/cmTC_a97ce.dir/link.txt --verbose=1
/usr/bin/cc  -DCHECK_FUNCTION_EXISTS=pthread_create    -rdynamic CMakeFiles/cmTC_a97ce.dir/CheckFunctionExists.c.o  -o cmTC_a97ce -lpthreads 
/usr/bin/ld: cannot find -lpthreads
collect2: error: ld returned 1 exit status
CMakeFiles/cmTC_a97ce.dir/build.make:97: recipe for target 'cmTC_a97ce' failed
make[1]: *** [cmTC_a97ce] Error 1
make[1]: Leaving directory '/home/robotica/Desktop/PrincipiosMecatronica/PM_01/proyecto/ws/build/CMakeFiles/CMakeTmp'
Makefile:126: recipe for target 'cmTC_a97ce/fast' failed
make: *** [cmTC_a97ce/fast] Error 2


